127.0.0.1 - - [18/Aug/2025 02:50:29] "GET / HTTP/1.1" 200 -
127.0.0.1 - - [18/Aug/2025 02:51:07] "OPTIONS /duplicate HTTP/1.1" 200 -
127.0.0.1 - - [18/Aug/2025 02:51:07] "POST /duplicate HTTP/1.1" 200 -
127.0.0.1 - - [18/Aug/2025 02:51:23] "GET / HTTP/1.1" 200 -
----------------------------------------
Exception occurred during processing of request from ('127.0.0.1', 37394)
Traceback (most recent call last):
  File "/usr/lib/python3.11/socketserver.py", line 317, in _handle_request_noblock
    self.process_request(request, client_address)
  File "/usr/lib/python3.11/socketserver.py", line 348, in process_request
    self.finish_request(request, client_address)
  File "/usr/lib/python3.11/socketserver.py", line 361, in finish_request
    self.RequestHandlerClass(request, client_address, self)
  File "/usr/lib/python3.11/socketserver.py", line 755, in __init__
    self.handle()
  File "/usr/lib/python3.11/http/server.py", line 432, in handle
    self.handle_one_request()
  File "/usr/lib/python3.11/http/server.py", line 420, in handle_one_request
    method()
  File "/home/mcg/Arbeit/IoT_Devices_Software/Dummy_Sender_and_Listener/dupli_Devices/dupli_mqtt_server_37.py", line 120, in do_GET
    self.wfile.write(json.dumps(existing_data).encode('utf-8'))
  File "/usr/lib/python3.11/socketserver.py", line 834, in write
    self._sock.sendall(b)
BrokenPipeError: [Errno 32] Broken pipe
----------------------------------------
127.0.0.1 - - [18/Aug/2025 02:51:24] "GET / HTTP/1.1" 200 -
127.0.0.1 - - [18/Aug/2025 02:51:34] "GET / HTTP/1.1" 200 -
----------------------------------------
Exception occurred during processing of request from ('127.0.0.1', 50218)
Traceback (most recent call last):
  File "/usr/lib/python3.11/socketserver.py", line 317, in _handle_request_noblock
    self.process_request(request, client_address)
  File "/usr/lib/python3.11/socketserver.py", line 348, in process_request
    self.finish_request(request, client_address)
  File "/usr/lib/python3.11/socketserver.py", line 361, in finish_request
    self.RequestHandlerClass(request, client_address, self)
  File "/usr/lib/python3.11/socketserver.py", line 755, in __init__
    self.handle()
  File "/usr/lib/python3.11/http/server.py", line 432, in handle
    self.handle_one_request()
  File "/usr/lib/python3.11/http/server.py", line 420, in handle_one_request
    method()
  File "/home/mcg/Arbeit/IoT_Devices_Software/Dummy_Sender_and_Listener/dupli_Devices/dupli_mqtt_server_37.py", line 120, in do_GET
    self.wfile.write(json.dumps(existing_data).encode('utf-8'))
  File "/usr/lib/python3.11/socketserver.py", line 834, in write
    self._sock.sendall(b)
BrokenPipeError: [Errno 32] Broken pipe
----------------------------------------
127.0.0.1 - - [18/Aug/2025 02:51:35] "GET / HTTP/1.1" 200 -
127.0.0.1 - - [18/Aug/2025 02:51:41] "GET / HTTP/1.1" 200 -
----------------------------------------
Exception occurred during processing of request from ('127.0.0.1', 50232)
Traceback (most recent call last):
  File "/usr/lib/python3.11/socketserver.py", line 317, in _handle_request_noblock
    self.process_request(request, client_address)
  File "/usr/lib/python3.11/socketserver.py", line 348, in process_request
    self.finish_request(request, client_address)
  File "/usr/lib/python3.11/socketserver.py", line 361, in finish_request
    self.RequestHandlerClass(request, client_address, self)
  File "/usr/lib/python3.11/socketserver.py", line 755, in __init__
    self.handle()
  File "/usr/lib/python3.11/http/server.py", line 432, in handle
    self.handle_one_request()
  File "/usr/lib/python3.11/http/server.py", line 420, in handle_one_request
    method()
  File "/home/mcg/Arbeit/IoT_Devices_Software/Dummy_Sender_and_Listener/dupli_Devices/dupli_mqtt_server_37.py", line 120, in do_GET
    self.wfile.write(json.dumps(existing_data).encode('utf-8'))
  File "/usr/lib/python3.11/socketserver.py", line 834, in write
    self._sock.sendall(b)
BrokenPipeError: [Errno 32] Broken pipe
----------------------------------------
127.0.0.1 - - [18/Aug/2025 02:51:42] "GET / HTTP/1.1" 200 -
127.0.0.1 - - [18/Aug/2025 02:52:30] "GET / HTTP/1.1" 200 -
----------------------------------------
Exception occurred during processing of request from ('127.0.0.1', 43888)
Traceback (most recent call last):
  File "/usr/lib/python3.11/socketserver.py", line 317, in _handle_request_noblock
    self.process_request(request, client_address)
  File "/usr/lib/python3.11/socketserver.py", line 348, in process_request
    self.finish_request(request, client_address)
  File "/usr/lib/python3.11/socketserver.py", line 361, in finish_request
    self.RequestHandlerClass(request, client_address, self)
  File "/usr/lib/python3.11/socketserver.py", line 755, in __init__
    self.handle()
  File "/usr/lib/python3.11/http/server.py", line 432, in handle
    self.handle_one_request()
  File "/usr/lib/python3.11/http/server.py", line 420, in handle_one_request
    method()
  File "/home/mcg/Arbeit/IoT_Devices_Software/Dummy_Sender_and_Listener/dupli_Devices/dupli_mqtt_server_37.py", line 120, in do_GET
    self.wfile.write(json.dumps(existing_data).encode('utf-8'))
  File "/usr/lib/python3.11/socketserver.py", line 834, in write
    self._sock.sendall(b)
BrokenPipeError: [Errno 32] Broken pipe
----------------------------------------
127.0.0.1 - - [18/Aug/2025 02:52:31] "GET / HTTP/1.1" 200 -
127.0.0.1 - - [18/Aug/2025 02:52:35] "OPTIONS /stopdupli HTTP/1.1" 200 -
Connected with result code 0
new_id:  18:00:01:02:03:02_dupli pid:  10185
Connected with result code 0
Process 10185 terminated.
Program terminated.
127.0.0.1 - - [18/Aug/2025 02:52:39] "POST /stopdupli HTTP/1.1" 200 -
127.0.0.1 - - [18/Aug/2025 02:53:51] "OPTIONS /duplicate HTTP/1.1" 200 -
127.0.0.1 - - [18/Aug/2025 02:53:51] "POST /duplicate HTTP/1.1" 200 -
127.0.0.1 - - [18/Aug/2025 02:53:59] "OPTIONS /stopdupli HTTP/1.1" 200 -
Connected with result code 0
new_id:  18:00:01:02:03:02_dupli pid:  10227
Connected with result code 0
Process 10227 terminated.
Program terminated.
127.0.0.1 - - [18/Aug/2025 02:54:03] "POST /stopdupli HTTP/1.1" 200 -
127.0.0.1 - - [18/Aug/2025 02:57:36] "OPTIONS /duplicate HTTP/1.1" 200 -
127.0.0.1 - - [18/Aug/2025 02:57:37] "POST /duplicate HTTP/1.1" 200 -
127.0.0.1 - - [18/Aug/2025 02:57:44] "OPTIONS /duplicate HTTP/1.1" 200 -
127.0.0.1 - - [18/Aug/2025 02:57:44] "POST /duplicate HTTP/1.1" 200 -
127.0.0.1 - - [18/Aug/2025 02:58:02] "OPTIONS /stopdupli HTTP/1.1" 200 -
Connected with result code 0
new_id:  18:00:01:02:03:02_dupli pid:  10312
Connected with result code 0
Process 10312 terminated.
Program terminated.
127.0.0.1 - - [18/Aug/2025 02:58:06] "POST /stopdupli HTTP/1.1" 200 -
Starting httpd server on port 3556
['18:00:01:02:03:01', '18:00:01:02:03:02', '18:00:01:02:03:03', '18:00:01:02:03:04', '18:00:01:02:03:05', '24:6F:28:02:12:14', '24:6F:28:03:02:64', 'A4:CF:12:77:1B:14', 'A4:CF:12:77:1E:04', 'A4:CF:12:78:3C:8C', 'A4:CF:12:78:3C:8C_dupli', 'Getriebe_MB', 'Listener_01', 'eui-10061c160ef4feff', 'eui-10061c169838feff', 'eui-10061c16c7b4feff', 'eui-10061c16d5d4feff', 'eui-64b708ab8620feff', 'eui-64b708ac9848feff', 'eui-64b708ac9880feff', 'eui-64b708ac988cfeff', 'eui-64b708ac98b0feff', 'eui-64b708ad0a60feff', 'eui-64b708ad0e84feff', 'eui-64b708bb7658feff', 'eui-70b3d57ed0061766', 'eui-70b3d57ed0061795', 'eui-d4d4da9777e8feff', 'eui-d4d4da97e83cfeff', 'eui-e86bea24f4b4feff', 'eui-e86bea2516c0feff', 'eui-e86bea252b24feff', 'eui-e86bea252c44feff', 'light-controller-01']
prefill read new ID _dupli
checklist
prefill read new ID 18:00:01:02:03:02_dupli
checklist
prefill read new ID _dupli
checklist
prefill read new ID _dupli
checklist
prefill read new ID _dupli
checklist
Duplicating device 18:00:01:02:03:02 to new ID 18:00:01:02:03:02_dupli at dupli-panel duplipanel2
['18:00:01:02:03:01', '18:00:01:02:03:02', '18:00:01:02:03:02_dupli', '18:00:01:02:03:03', '18:00:01:02:03:04', '18:00:01:02:03:05', '24:6F:28:02:12:14', '24:6F:28:03:02:64', 'A4:CF:12:77:1B:14', 'A4:CF:12:77:1E:04', 'A4:CF:12:78:3C:8C', 'A4:CF:12:78:3C:8C_dupli', 'Getriebe_MB', 'Listener_01', 'T00002', 'eui-10061c160ef4feff', 'eui-10061c169838feff', 'eui-10061c16c7b4feff', 'eui-10061c16d5d4feff', 'eui-64b708ab8620feff', 'eui-64b708ac9848feff', 'eui-64b708ac9880feff', 'eui-64b708ac988cfeff', 'eui-64b708ac98b0feff', 'eui-64b708ad0a60feff', 'eui-64b708ad0e84feff', 'eui-64b708bb7658feff', 'eui-70b3d57ed0061766', 'eui-70b3d57ed0061795', 'eui-d4d4da9777e8feff', 'eui-d4d4da97e83cfeff', 'eui-e86bea24f4b4feff', 'eui-e86bea2516c0feff', 'eui-e86bea252b24feff', 'eui-e86bea252c44feff', 'light-controller-01']
prefill read new ID _dupli
checklist
prefill read new ID 18:00:01:02:03:02_dupli
checklist
prefill read new ID _dupli
checklist
prefill read new ID _dupli
checklist
prefill read new ID _dupli
checklist
['18:00:01:02:03:01', '18:00:01:02:03:02', '18:00:01:02:03:02_dupli', '18:00:01:02:03:03', '18:00:01:02:03:04', '18:00:01:02:03:05', '24:6F:28:02:12:14', '24:6F:28:03:02:64', 'A4:CF:12:77:1B:14', 'A4:CF:12:77:1E:04', 'A4:CF:12:78:3C:8C', 'A4:CF:12:78:3C:8C_dupli', 'Getriebe_MB', 'Listener_01', 'T00002', 'eui-10061c160ef4feff', 'eui-10061c169838feff', 'eui-10061c16c7b4feff', 'eui-10061c16d5d4feff', 'eui-64b708ab8620feff', 'eui-64b708ac9848feff', 'eui-64b708ac9880feff', 'eui-64b708ac988cfeff', 'eui-64b708ac98b0feff', 'eui-64b708ad0a60feff', 'eui-64b708ad0e84feff', 'eui-64b708bb7658feff', 'eui-70b3d57ed0061766', 'eui-70b3d57ed0061795', 'eui-d4d4da9777e8feff', 'eui-d4d4da97e83cfeff', 'eui-e86bea24f4b4feff', 'eui-e86bea2516c0feff', 'eui-e86bea252b24feff', 'eui-e86bea252c44feff', 'light-controller-01']
prefill read new ID _dupli
checklist
prefill read new ID 18:00:01:02:03:02_dupli
checklist
prefill read new ID _dupli
checklist
prefill read new ID _dupli
checklist
prefill read new ID _dupli
checklist
[]
prefill read new ID _dupli
checklist
prefill read new ID 18:00:01:02:03:02_dupli
checklist
prefill read new ID _dupli
checklist
prefill read new ID _dupli
checklist
prefill read new ID _dupli
checklist
['18:00:01:02:03:01', '18:00:01:02:03:02', '18:00:01:02:03:02_dupli', '18:00:01:02:03:03', '18:00:01:02:03:04', '18:00:01:02:03:05', '24:6F:28:02:12:14', '24:6F:28:03:02:64', 'A4:CF:12:77:1B:14', 'A4:CF:12:77:1E:04', 'A4:CF:12:78:3C:8C', 'A4:CF:12:78:3C:8C_dupli', 'Getriebe_MB', 'Listener_01', 'T00002', 'eui-10061c160ef4feff', 'eui-10061c169838feff', 'eui-10061c16c7b4feff', 'eui-10061c16d5d4feff', 'eui-64b708ab8620feff', 'eui-64b708ac9848feff', 'eui-64b708ac9880feff', 'eui-64b708ac988cfeff', 'eui-64b708ac98b0feff', 'eui-64b708ad0a60feff', 'eui-64b708ad0e84feff', 'eui-64b708bb7658feff', 'eui-70b3d57ed0061766', 'eui-70b3d57ed0061795', 'eui-d4d4da9777e8feff', 'eui-d4d4da97e83cfeff', 'eui-e86bea24f4b4feff', 'eui-e86bea2516c0feff', 'eui-e86bea252b24feff', 'eui-e86bea252c44feff', 'light-controller-01']
prefill read new ID _dupli
checklist
prefill read new ID 18:00:01:02:03:02_dupli
checklist
prefill read new ID _dupli
checklist
prefill read new ID _dupli
checklist
prefill read new ID _dupli
checklist
['18:00:01:02:03:01', '18:00:01:02:03:02', '18:00:01:02:03:02_dupli', '18:00:01:02:03:03', '18:00:01:02:03:04', '18:00:01:02:03:05', '24:6F:28:02:12:14', '24:6F:28:03:02:64', 'A4:CF:12:77:1B:14', 'A4:CF:12:77:1E:04', 'A4:CF:12:78:3C:8C', 'A4:CF:12:78:3C:8C_dupli', 'Getriebe_MB', 'Listener_01', 'T00002', 'eui-10061c160ef4feff', 'eui-10061c169838feff', 'eui-10061c16c7b4feff', 'eui-10061c16d5d4feff', 'eui-64b708ab8620feff', 'eui-64b708ac9848feff', 'eui-64b708ac9880feff', 'eui-64b708ac988cfeff', 'eui-64b708ac98b0feff', 'eui-64b708ad0a60feff', 'eui-64b708ad0e84feff', 'eui-64b708bb7658feff', 'eui-70b3d57ed0061766', 'eui-70b3d57ed0061795', 'eui-d4d4da9777e8feff', 'eui-d4d4da97e83cfeff', 'eui-e86bea24f4b4feff', 'eui-e86bea2516c0feff', 'eui-e86bea252b24feff', 'eui-e86bea252c44feff', 'light-controller-01']
prefill read new ID _dupli
checklist
prefill read new ID 18:00:01:02:03:02_dupli
checklist
prefill read new ID _dupli
checklist
prefill read new ID _dupli
checklist
prefill read new ID _dupli
checklist
[]
prefill read new ID _dupli
checklist
prefill read new ID 18:00:01:02:03:02_dupli
checklist
prefill read new ID _dupli
checklist
prefill read new ID _dupli
checklist
prefill read new ID _dupli
checklist
['18:00:01:02:03:01', '18:00:01:02:03:02', '18:00:01:02:03:02_dupli', '18:00:01:02:03:03', '18:00:01:02:03:04', '18:00:01:02:03:05', '24:6F:28:02:12:14', '24:6F:28:03:02:64', 'A4:CF:12:77:1B:14', 'A4:CF:12:77:1E:04', 'A4:CF:12:78:3C:8C', 'A4:CF:12:78:3C:8C_dupli', 'Getriebe_MB', 'Listener_01', 'eui-10061c160ef4feff', 'eui-10061c169838feff', 'eui-10061c16c7b4feff', 'eui-10061c16d5d4feff', 'eui-64b708ab8620feff', 'eui-64b708ac9848feff', 'eui-64b708ac9880feff', 'eui-64b708ac988cfeff', 'eui-64b708ac98b0feff', 'eui-64b708ad0a60feff', 'eui-64b708ad0e84feff', 'eui-64b708bb7658feff', 'eui-70b3d57ed0061766', 'eui-70b3d57ed0061795', 'eui-d4d4da9777e8feff', 'eui-d4d4da97e83cfeff', 'eui-e86bea24f4b4feff', 'eui-e86bea2516c0feff', 'eui-e86bea252b24feff', 'eui-e86bea252c44feff', 'light-controller-01']
prefill read new ID _dupli
checklist
prefill read new ID 18:00:01:02:03:02_dupli
checklist
prefill read new ID _dupli
checklist
prefill read new ID _dupli
checklist
prefill read new ID _dupli
checklist
['18:00:01:02:03:01', '18:00:01:02:03:02', '18:00:01:02:03:02_dupli', '18:00:01:02:03:03', '18:00:01:02:03:04', '18:00:01:02:03:05', '24:6F:28:02:12:14', '24:6F:28:03:02:64', 'A4:CF:12:77:1B:14', 'A4:CF:12:77:1E:04', 'A4:CF:12:78:3C:8C', 'A4:CF:12:78:3C:8C_dupli', 'Getriebe_MB', 'Listener_01', 'eui-10061c160ef4feff', 'eui-10061c169838feff', 'eui-10061c16c7b4feff', 'eui-10061c16d5d4feff', 'eui-64b708ab8620feff', 'eui-64b708ac9848feff', 'eui-64b708ac9880feff', 'eui-64b708ac988cfeff', 'eui-64b708ac98b0feff', 'eui-64b708ad0a60feff', 'eui-64b708ad0e84feff', 'eui-64b708bb7658feff', 'eui-70b3d57ed0061766', 'eui-70b3d57ed0061795', 'eui-d4d4da9777e8feff', 'eui-d4d4da97e83cfeff', 'eui-e86bea24f4b4feff', 'eui-e86bea2516c0feff', 'eui-e86bea252b24feff', 'eui-e86bea252c44feff', 'light-controller-01']
prefill read new ID _dupli
checklist
prefill read new ID 18:00:01:02:03:02_dupli
checklist
prefill read new ID _dupli
checklist
prefill read new ID _dupli
checklist
prefill read new ID _dupli
checklist
Stop dupli for device with ID 18:00:01:02:03:02_dupli at dupli-panel duplipanel2
Process 10135 terminated.
Duplicating device 18:00:01:02:03:02 to new ID 18:00:01:02:03:02_dupli at dupli-panel duplipanel2
Stop dupli for device with ID 18:00:01:02:03:02_dupli at dupli-panel duplipanel2
Process 10220 terminated.
Duplicating device  to new ID _dupli at dupli-panel duplipanel3
Duplicating device 18:00:01:02:03:02 to new ID 18:00:01:02:03:02_dupli at dupli-panel duplipanel2
Stop dupli for device with ID 18:00:01:02:03:02_dupli at dupli-panel duplipanel2
Process 10307 terminated.
127.0.0.1 - - [18/Aug/2025 03:09:43] "GET / HTTP/1.1" 200 -
127.0.0.1 - - [18/Aug/2025 03:09:55] "OPTIONS /duplicate HTTP/1.1" 200 -
127.0.0.1 - - [18/Aug/2025 03:09:56] "POST /duplicate HTTP/1.1" 200 -
127.0.0.1 - - [18/Aug/2025 03:10:01] "OPTIONS /stopdupli HTTP/1.1" 200 -
Connected with result code 0
new_id:  18:00:01:02:03:02_dupli pid:  10756
Connected with result code 0
Process 10756 terminated.
Program terminated.
127.0.0.1 - - [18/Aug/2025 03:10:05] "POST /stopdupli HTTP/1.1" 200 -
127.0.0.1 - - [18/Aug/2025 03:10:42] "OPTIONS /duplicate HTTP/1.1" 200 -
127.0.0.1 - - [18/Aug/2025 03:10:42] "POST /duplicate HTTP/1.1" 200 -
127.0.0.1 - - [18/Aug/2025 03:11:05] "OPTIONS /stopdupli HTTP/1.1" 200 -
Connected with result code 0
new_id:  18:00:01:02:03:02_dupli pid:  10784
Connected with result code 0
Process 10784 terminated.
Program terminated.
127.0.0.1 - - [18/Aug/2025 03:11:09] "POST /stopdupli HTTP/1.1" 200 -
127.0.0.1 - - [18/Aug/2025 03:19:39] "GET / HTTP/1.1" 200 -
----------------------------------------
Exception occurred during processing of request from ('127.0.0.1', 40952)
Traceback (most recent call last):
  File "/usr/lib/python3.11/socketserver.py", line 317, in _handle_request_noblock
    self.process_request(request, client_address)
  File "/usr/lib/python3.11/socketserver.py", line 348, in process_request
    self.finish_request(request, client_address)
  File "/usr/lib/python3.11/socketserver.py", line 361, in finish_request
    self.RequestHandlerClass(request, client_address, self)
  File "/usr/lib/python3.11/socketserver.py", line 755, in __init__
    self.handle()
  File "/usr/lib/python3.11/http/server.py", line 432, in handle
    self.handle_one_request()
  File "/usr/lib/python3.11/http/server.py", line 420, in handle_one_request
    method()
  File "/home/mcg/Arbeit/IoT_Devices_Software/Dummy_Sender_and_Listener/dupli_Devices/dupli_mqtt_server_37.py", line 120, in do_GET
    self.wfile.write(json.dumps(existing_data).encode('utf-8'))
  File "/usr/lib/python3.11/socketserver.py", line 834, in write
    self._sock.sendall(b)
BrokenPipeError: [Errno 32] Broken pipe
----------------------------------------
127.0.0.1 - - [18/Aug/2025 03:19:40] "GET / HTTP/1.1" 200 -
127.0.0.1 - - [18/Aug/2025 03:19:48] "GET / HTTP/1.1" 200 -
----------------------------------------
Exception occurred during processing of request from ('127.0.0.1', 54626)
Traceback (most recent call last):
  File "/usr/lib/python3.11/socketserver.py", line 317, in _handle_request_noblock
    self.process_request(request, client_address)
  File "/usr/lib/python3.11/socketserver.py", line 348, in process_request
    self.finish_request(request, client_address)
  File "/usr/lib/python3.11/socketserver.py", line 361, in finish_request
    self.RequestHandlerClass(request, client_address, self)
  File "/usr/lib/python3.11/socketserver.py", line 755, in __init__
    self.handle()
  File "/usr/lib/python3.11/http/server.py", line 432, in handle
    self.handle_one_request()
  File "/usr/lib/python3.11/http/server.py", line 420, in handle_one_request
    method()
  File "/home/mcg/Arbeit/IoT_Devices_Software/Dummy_Sender_and_Listener/dupli_Devices/dupli_mqtt_server_37.py", line 120, in do_GET
    self.wfile.write(json.dumps(existing_data).encode('utf-8'))
  File "/usr/lib/python3.11/socketserver.py", line 834, in write
    self._sock.sendall(b)
BrokenPipeError: [Errno 32] Broken pipe
----------------------------------------
127.0.0.1 - - [18/Aug/2025 03:19:49] "GET / HTTP/1.1" 200 -
127.0.0.1 - - [18/Aug/2025 03:20:14] "GET / HTTP/1.1" 200 -
127.0.0.1 - - [18/Aug/2025 03:21:01] "GET / HTTP/1.1" 200 -
----------------------------------------
Exception occurred during processing of request from ('127.0.0.1', 45782)
Traceback (most recent call last):
  File "/usr/lib/python3.11/socketserver.py", line 317, in _handle_request_noblock
    self.process_request(request, client_address)
  File "/usr/lib/python3.11/socketserver.py", line 348, in process_request
    self.finish_request(request, client_address)
  File "/usr/lib/python3.11/socketserver.py", line 361, in finish_request
    self.RequestHandlerClass(request, client_address, self)
  File "/usr/lib/python3.11/socketserver.py", line 755, in __init__
    self.handle()
  File "/usr/lib/python3.11/http/server.py", line 432, in handle
    self.handle_one_request()
  File "/usr/lib/python3.11/http/server.py", line 420, in handle_one_request
    method()
  File "/home/mcg/Arbeit/IoT_Devices_Software/Dummy_Sender_and_Listener/dupli_Devices/dupli_mqtt_server_37.py", line 120, in do_GET
    self.wfile.write(json.dumps(existing_data).encode('utf-8'))
  File "/usr/lib/python3.11/socketserver.py", line 834, in write
    self._sock.sendall(b)
BrokenPipeError: [Errno 32] Broken pipe
----------------------------------------
127.0.0.1 - - [18/Aug/2025 03:21:02] "GET / HTTP/1.1" 200 -
127.0.0.1 - - [18/Aug/2025 03:21:22] "GET / HTTP/1.1" 200 -
----------------------------------------
Exception occurred during processing of request from ('127.0.0.1', 54020)
Traceback (most recent call last):
  File "/usr/lib/python3.11/socketserver.py", line 317, in _handle_request_noblock
    self.process_request(request, client_address)
  File "/usr/lib/python3.11/socketserver.py", line 348, in process_request
    self.finish_request(request, client_address)
  File "/usr/lib/python3.11/socketserver.py", line 361, in finish_request
    self.RequestHandlerClass(request, client_address, self)
  File "/usr/lib/python3.11/socketserver.py", line 755, in __init__
    self.handle()
  File "/usr/lib/python3.11/http/server.py", line 432, in handle
    self.handle_one_request()
  File "/usr/lib/python3.11/http/server.py", line 420, in handle_one_request
    method()
  File "/home/mcg/Arbeit/IoT_Devices_Software/Dummy_Sender_and_Listener/dupli_Devices/dupli_mqtt_server_37.py", line 120, in do_GET
    self.wfile.write(json.dumps(existing_data).encode('utf-8'))
  File "/usr/lib/python3.11/socketserver.py", line 834, in write
    self._sock.sendall(b)
BrokenPipeError: [Errno 32] Broken pipe
----------------------------------------
127.0.0.1 - - [18/Aug/2025 03:21:23] "GET / HTTP/1.1" 200 -
127.0.0.1 - - [18/Aug/2025 03:21:39] "GET / HTTP/1.1" 200 -
----------------------------------------
Exception occurred during processing of request from ('127.0.0.1', 35154)
Traceback (most recent call last):
  File "/usr/lib/python3.11/socketserver.py", line 317, in _handle_request_noblock
    self.process_request(request, client_address)
  File "/usr/lib/python3.11/socketserver.py", line 348, in process_request
    self.finish_request(request, client_address)
  File "/usr/lib/python3.11/socketserver.py", line 361, in finish_request
    self.RequestHandlerClass(request, client_address, self)
  File "/usr/lib/python3.11/socketserver.py", line 755, in __init__
    self.handle()
  File "/usr/lib/python3.11/http/server.py", line 432, in handle
    self.handle_one_request()
  File "/usr/lib/python3.11/http/server.py", line 420, in handle_one_request
    method()
  File "/home/mcg/Arbeit/IoT_Devices_Software/Dummy_Sender_and_Listener/dupli_Devices/dupli_mqtt_server_37.py", line 120, in do_GET
    self.wfile.write(json.dumps(existing_data).encode('utf-8'))
  File "/usr/lib/python3.11/socketserver.py", line 834, in write
    self._sock.sendall(b)
BrokenPipeError: [Errno 32] Broken pipe
----------------------------------------
['18:00:01:02:03:01', '18:00:01:02:03:02', '18:00:01:02:03:03', '18:00:01:02:03:04', '18:00:01:02:03:05', '24:6F:28:02:12:14', '24:6F:28:03:02:64', 'A4:CF:12:77:1B:14', 'A4:CF:12:77:1E:04', 'A4:CF:12:78:3C:8C', 'A4:CF:12:78:3C:8C_dupli', 'Getriebe_MB', 'Listener_01', 'eui-10061c160ef4feff', 'eui-10061c169838feff', 'eui-10061c16c7b4feff', 'eui-10061c16d5d4feff', 'eui-64b708ab8620feff', 'eui-64b708ac9848feff', 'eui-64b708ac9880feff', 'eui-64b708ac988cfeff', 'eui-64b708ac98b0feff', 'eui-64b708ad0a60feff', 'eui-64b708ad0e84feff', 'eui-64b708bb7658feff', 'eui-70b3d57ed0061766', 'eui-70b3d57ed0061795', 'eui-d4d4da9777e8feff', 'eui-d4d4da97e83cfeff', 'eui-e86bea24f4b4feff', 'eui-e86bea2516c0feff', 'eui-e86bea252b24feff', 'eui-e86bea252c44feff', 'light-controller-01']
prefill read new ID _dupli
checklist
prefill read new ID 18:00:01:02:03:02_dupli
checklist
prefill read new ID _dupli
checklist
prefill read new ID _dupli
checklist
prefill read new ID _dupli
checklist
Duplicating device 18:00:01:02:03:02 to new ID 18:00:01:02:03:02_dupli at dupli-panel duplipanel2
Stop dupli for device with ID 18:00:01:02:03:02_dupli at dupli-panel duplipanel2
Process 10742 terminated.
Duplicating device 18:00:01:02:03:02 to new ID 18:00:01:02:03:02_dupli at dupli-panel duplipanel2
Stop dupli for device with ID 18:00:01:02:03:02_dupli at dupli-panel duplipanel2
Process 10775 terminated.
[]
prefill read new ID _dupli
checklist
prefill read new ID 18:00:01:02:03:02_dupli
checklist
prefill read new ID _dupli
checklist
prefill read new ID _dupli
checklist
prefill read new ID _dupli
checklist
['18:00:01:02:03:01', '18:00:01:02:03:02', '18:00:01:02:03:03', '18:00:01:02:03:04', '18:00:01:02:03:05', '24:6F:28:02:12:14', '24:6F:28:03:02:64', 'A4:CF:12:77:1B:14', 'A4:CF:12:77:1E:04', 'A4:CF:12:78:3C:8C', 'A4:CF:12:78:3C:8C_dupli', 'Getriebe_MB', 'Listener_01', 'eui-10061c160ef4feff', 'eui-10061c169838feff', 'eui-10061c16c7b4feff', 'eui-10061c16d5d4feff', 'eui-64b708ab8620feff', 'eui-64b708ac9848feff', 'eui-64b708ac9880feff', 'eui-64b708ac988cfeff', 'eui-64b708ac98b0feff', 'eui-64b708ad0a60feff', 'eui-64b708ad0e84feff', 'eui-64b708bb7658feff', 'eui-70b3d57ed0061766', 'eui-70b3d57ed0061795', 'eui-d4d4da9777e8feff', 'eui-d4d4da97e83cfeff', 'eui-e86bea24f4b4feff', 'eui-e86bea2516c0feff', 'eui-e86bea252b24feff', 'eui-e86bea252c44feff', 'light-controller-01', 'newdummy41428']
prefill read new ID _dupli
checklist
prefill read new ID 18:00:01:02:03:02_dupli
checklist
prefill read new ID _dupli
checklist
prefill read new ID _dupli
checklist
prefill read new ID _dupli
checklist
[]
prefill read new ID _dupli
checklist
prefill read new ID 18:00:01:02:03:02_dupli
checklist
prefill read new ID _dupli
checklist
prefill read new ID _dupli
checklist
prefill read new ID _dupli
checklist
['18:00:01:02:03:01', '18:00:01:02:03:02', '18:00:01:02:03:03', '18:00:01:02:03:04', '18:00:01:02:03:05', '24:6F:28:02:12:14', '24:6F:28:03:02:64', 'A4:CF:12:77:1B:14', 'A4:CF:12:77:1E:04', 'A4:CF:12:78:3C:8C', 'A4:CF:12:78:3C:8C_dupli', 'Getriebe_MB', 'Listener_01', 'eui-10061c160ef4feff', 'eui-10061c169838feff', 'eui-10061c16c7b4feff', 'eui-10061c16d5d4feff', 'eui-64b708ab8620feff', 'eui-64b708ac9848feff', 'eui-64b708ac9880feff', 'eui-64b708ac988cfeff', 'eui-64b708ac98b0feff', 'eui-64b708ad0a60feff', 'eui-64b708ad0e84feff', 'eui-64b708bb7658feff', 'eui-70b3d57ed0061766', 'eui-70b3d57ed0061795', 'eui-d4d4da9777e8feff', 'eui-d4d4da97e83cfeff', 'eui-e86bea24f4b4feff', 'eui-e86bea2516c0feff', 'eui-e86bea252b24feff', 'eui-e86bea252c44feff', 'light-controller-01', 'newdummy41428']
prefill read new ID _dupli
checklist
prefill read new ID 18:00:01:02:03:02_dupli
checklist
prefill read new ID _dupli
checklist
prefill read new ID _dupli
checklist
prefill read new ID _dupli
checklist
['18:00:01:02:03:01', '18:00:01:02:03:02', '18:00:01:02:03:03', '18:00:01:02:03:04', '18:00:01:02:03:05', '24:6F:28:02:12:14', '24:6F:28:03:02:64', 'A4:CF:12:77:1B:14', 'A4:CF:12:77:1E:04', 'A4:CF:12:78:3C:8C', 'A4:CF:12:78:3C:8C_dupli', 'Getriebe_MB', 'Listener_01', 'eui-10061c160ef4feff', 'eui-10061c169838feff', 'eui-10061c16c7b4feff', 'eui-10061c16d5d4feff', 'eui-64b708ab8620feff', 'eui-64b708ac9848feff', 'eui-64b708ac9880feff', 'eui-64b708ac988cfeff', 'eui-64b708ac98b0feff', 'eui-64b708ad0a60feff', 'eui-64b708ad0e84feff', 'eui-64b708bb7658feff', 'eui-70b3d57ed0061766', 'eui-70b3d57ed0061795', 'eui-d4d4da9777e8feff', 'eui-d4d4da97e83cfeff', 'eui-e86bea24f4b4feff', 'eui-e86bea2516c0feff', 'eui-e86bea252b24feff', 'eui-e86bea252c44feff', 'light-controller-01', 'newdummy41428']
prefill read new ID _dupli
checklist
prefill read new ID 18:00:01:02:03:02_dupli
checklist
prefill read new ID _dupli
checklist
prefill read new ID _dupli
checklist
prefill read new ID _dupli
checklist
[]
prefill read new ID _dupli
checklist
prefill read new ID 18:00:01:02:03:02_dupli
checklist
prefill read new ID _dupli
checklist
prefill read new ID _dupli
checklist
prefill read new ID _dupli
checklist
['18:00:01:02:03:01', '18:00:01:02:03:02', '18:00:01:02:03:03', '18:00:01:02:03:04', '18:00:01:02:03:05', '24:6F:28:02:12:14', '24:6F:28:03:02:64', 'A4:CF:12:77:1B:14', 'A4:CF:12:77:1E:04', 'A4:CF:12:78:3C:8C', 'A4:CF:12:78:3C:8C_dupli', 'Getriebe_MB', 'Listener_01', 'eui-10061c160ef4feff', 'eui-10061c169838feff', 'eui-10061c16c7b4feff', 'eui-10061c16d5d4feff', 'eui-64b708ab8620feff', 'eui-64b708ac9848feff', 'eui-64b708ac9880feff', 'eui-64b708ac988cfeff', 'eui-64b708ac98b0feff', 'eui-64b708ad0a60feff', 'eui-64b708ad0e84feff', 'eui-64b708bb7658feff', 'eui-70b3d57ed0061766', 'eui-70b3d57ed0061795', 'eui-d4d4da9777e8feff', 'eui-d4d4da97e83cfeff', 'eui-e86bea24f4b4feff', 'eui-e86bea2516c0feff', 'eui-e86bea252b24feff', 'eui-e86bea252c44feff', 'light-controller-01', 'newdummy69243']
prefill read new ID _dupli
checklist
prefill read new ID 18:00:01:02:03:02_dupli
checklist
prefill read new ID _dupli
checklist
prefill read new ID _dupli
checklist
prefill read new ID _dupli
checklist
[]
prefill read new ID _dupli
checklist
prefill read new ID 18:00:01:02:03:02_dupli
checklist
prefill read new ID _dupli
checklist
prefill read new ID _dupli
checklist
prefill read new ID _dupli
checklist
['18:00:01:02:03:01', '18:00:01:02:03:02', '18:00:01:02:03:03', '18:00:01:02:03:04', '18:00:01:02:03:05', '24:6F:28:02:12:14', '24:6F:28:03:02:64', 'A4:CF:12:77:1B:14', 'A4:CF:12:77:1E:04', 'A4:CF:12:78:3C:8C', 'A4:CF:12:78:3C:8C_dupli', 'Getriebe_MB', 'Listener_01', 'eui-10061c160ef4feff', 'eui-10061c169838feff', 'eui-10061c16c7b4feff', 'eui-10061c16d5d4feff', 'eui-64b708ab8620feff', 'eui-64b708ac9848feff', 'eui-64b708ac9880feff', 'eui-64b708ac988cfeff', 'eui-64b708ac98b0feff', 'eui-64b708ad0a60feff', 'eui-64b708ad0e84feff', 'eui-64b708bb7658feff', 'eui-70b3d57ed0061766', 'eui-70b3d57ed0061795', 'eui-d4d4da9777e8feff', 'eui-d4d4da97e83cfeff', 'eui-e86bea24f4b4feff', 'eui-e86bea2516c0feff', 'eui-e86bea252b24feff', 'eui-e86bea252c44feff', 'light-controller-01']
prefill read new ID _dupli
checklist
prefill read new ID 18:00:01:02:03:02_dupli
checklist
prefill read new ID _dupli
checklist
prefill read new ID _dupli
checklist
prefill read new ID _dupli
checklist
['18:00:01:02:03:01', '18:00:01:02:03:02', '18:00:01:02:03:03', '18:00:01:02:03:04', '18:00:01:02:03:05', '24:6F:28:02:12:14', '24:6F:28:03:02:64', 'A4:CF:12:77:1B:14', 'A4:CF:12:77:1E:04', 'A4:CF:12:78:3C:8C', 'A4:CF:12:78:3C:8C_dupli', 'Getriebe_MB', 'Listener_01', 'eui-10061c160ef4feff', 'eui-10061c169838feff', 'eui-10061c16c7b4feff', 'eui-10061c16d5d4feff', 'eui-64b708ab8620feff', 'eui-64b708ac9848feff', 'eui-64b708ac9880feff', 'eui-64b708ac988cfeff', 'eui-64b708ac98b0feff', 'eui-64b708ad0a60feff', 'eui-64b708ad0e84feff', 'eui-64b708bb7658feff', 'eui-70b3d57ed0061766', 'eui-70b3d57ed0061795', 'eui-d4d4da9777e8feff', 'eui-d4d4da97e83cfeff', 'eui-e86bea24f4b4feff', 'eui-e86bea2516c0feff', 'eui-e86bea252b24feff', 'eui-e86bea252c44feff', 'light-controller-01', 'newdummy41428']
prefill read new ID _dupli
checklist
prefill read new ID 18:00:01:02:03:02_dupli
checklist
prefill read new ID _dupli
checklist
prefill read new ID _dupli
checklist
prefill read new ID _dupli
checklist
127.0.0.1 - - [18/Aug/2025 03:21:40] "GET / HTTP/1.1" 200 -
127.0.0.1 - - [18/Aug/2025 14:31:51] "GET / HTTP/1.1" 200 -
127.0.0.1 - - [19/Aug/2025 00:04:47] "GET / HTTP/1.1" 200 -
127.0.0.1 - - [19/Aug/2025 00:05:51] "OPTIONS /duplicate HTTP/1.1" 200 -
127.0.0.1 - - [19/Aug/2025 00:05:51] "POST /duplicate HTTP/1.1" 200 -
127.0.0.1 - - [19/Aug/2025 00:07:55] "GET / HTTP/1.1" 200 -
----------------------------------------
Exception occurred during processing of request from ('127.0.0.1', 55408)
Traceback (most recent call last):
  File "/usr/lib/python3.12/socketserver.py", line 318, in _handle_request_noblock
    self.process_request(request, client_address)
  File "/usr/lib/python3.12/socketserver.py", line 349, in process_request
    self.finish_request(request, client_address)
  File "/usr/lib/python3.12/socketserver.py", line 362, in finish_request
    self.RequestHandlerClass(request, client_address, self)
  File "/usr/lib/python3.12/socketserver.py", line 761, in __init__
    self.handle()
  File "/usr/lib/python3.12/http/server.py", line 436, in handle
    self.handle_one_request()
  File "/usr/lib/python3.12/http/server.py", line 424, in handle_one_request
    method()
  File "/home/mcg/Schreibtisch/Z_Data_Backup/Dummy_Sender_and_Listener/dupli_Devices/dupli_mqtt_server_37.py", line 120, in do_GET
    self.wfile.write(json.dumps(existing_data).encode('utf-8'))
  File "/usr/lib/python3.12/socketserver.py", line 840, in write
    self._sock.sendall(b)
BrokenPipeError: [Errno 32] Broken pipe
----------------------------------------
127.0.0.1 - - [19/Aug/2025 00:07:56] "GET / HTTP/1.1" 200 -
127.0.0.1 - - [19/Aug/2025 00:08:00] "GET / HTTP/1.1" 200 -
----------------------------------------
Exception occurred during processing of request from ('127.0.0.1', 55428)
Traceback (most recent call last):
  File "/usr/lib/python3.12/socketserver.py", line 318, in _handle_request_noblock
    self.process_request(request, client_address)
  File "/usr/lib/python3.12/socketserver.py", line 349, in process_request
    self.finish_request(request, client_address)
  File "/usr/lib/python3.12/socketserver.py", line 362, in finish_request
    self.RequestHandlerClass(request, client_address, self)
  File "/usr/lib/python3.12/socketserver.py", line 761, in __init__
    self.handle()
  File "/usr/lib/python3.12/http/server.py", line 436, in handle
    self.handle_one_request()
  File "/usr/lib/python3.12/http/server.py", line 424, in handle_one_request
    method()
  File "/home/mcg/Schreibtisch/Z_Data_Backup/Dummy_Sender_and_Listener/dupli_Devices/dupli_mqtt_server_37.py", line 120, in do_GET
    self.wfile.write(json.dumps(existing_data).encode('utf-8'))
  File "/usr/lib/python3.12/socketserver.py", line 840, in write
    self._sock.sendall(b)
BrokenPipeError: [Errno 32] Broken pipe
----------------------------------------
127.0.0.1 - - [19/Aug/2025 00:08:01] "GET / HTTP/1.1" 200 -
127.0.0.1 - - [19/Aug/2025 00:08:11] "GET / HTTP/1.1" 200 -
127.0.0.1 - - [19/Aug/2025 00:08:41] "OPTIONS /duplicate HTTP/1.1" 200 -
127.0.0.1 - - [19/Aug/2025 00:08:42] "POST /duplicate HTTP/1.1" 200 -
127.0.0.1 - - [19/Aug/2025 00:10:19] "OPTIONS /duplicate HTTP/1.1" 200 -
127.0.0.1 - - [19/Aug/2025 00:10:20] "POST /duplicate HTTP/1.1" 200 -
127.0.0.1 - - [19/Aug/2025 00:10:24] "POST /duplicate HTTP/1.1" 200 -
127.0.0.1 - - [19/Aug/2025 00:11:18] "GET / HTTP/1.1" 200 -
----------------------------------------
Exception occurred during processing of request from ('127.0.0.1', 34462)
Traceback (most recent call last):
  File "/usr/lib/python3.12/socketserver.py", line 318, in _handle_request_noblock
    self.process_request(request, client_address)
  File "/usr/lib/python3.12/socketserver.py", line 349, in process_request
    self.finish_request(request, client_address)
  File "/usr/lib/python3.12/socketserver.py", line 362, in finish_request
    self.RequestHandlerClass(request, client_address, self)
  File "/usr/lib/python3.12/socketserver.py", line 761, in __init__
    self.handle()
  File "/usr/lib/python3.12/http/server.py", line 436, in handle
    self.handle_one_request()
  File "/usr/lib/python3.12/http/server.py", line 424, in handle_one_request
    method()
  File "/home/mcg/Schreibtisch/Z_Data_Backup/Dummy_Sender_and_Listener/dupli_Devices/dupli_mqtt_server_37.py", line 120, in do_GET
    self.wfile.write(json.dumps(existing_data).encode('utf-8'))
  File "/usr/lib/python3.12/socketserver.py", line 840, in write
    self._sock.sendall(b)
BrokenPipeError: [Errno 32] Broken pipe
----------------------------------------
127.0.0.1 - - [19/Aug/2025 00:11:19] "GET / HTTP/1.1" 200 -
127.0.0.1 - - [19/Aug/2025 00:11:24] "GET / HTTP/1.1" 200 -
127.0.0.1 - - [19/Aug/2025 00:12:40] "GET / HTTP/1.1" 200 -
127.0.0.1 - - [19/Aug/2025 00:41:43] "GET / HTTP/1.1" 200 -
127.0.0.1 - - [19/Aug/2025 01:15:33] "GET / HTTP/1.1" 200 -
84.160.50.191 - - [19/Aug/2025 02:58:45] "GET / HTTP/1.1" 200 -
84.160.50.191 - - [19/Aug/2025 03:04:51] "GET / HTTP/1.1" 200 -
84.160.50.191 - - [19/Aug/2025 03:10:58] "GET / HTTP/1.1" 200 -
84.160.50.191 - - [19/Aug/2025 03:11:11] "GET / HTTP/1.1" 200 -
84.160.50.191 - - [19/Aug/2025 03:12:18] "OPTIONS /duplicate HTTP/1.1" 200 -
84.160.50.191 - - [19/Aug/2025 03:12:19] "POST /duplicate HTTP/1.1" 200 -
84.160.50.191 - - [19/Aug/2025 03:12:34] "OPTIONS /stopdupli HTTP/1.1" 200 -
Connected with result code 0
new_id:  18:00:01:02:03:02_dupli pid:  662404
Connected with result code 0
Process 662404 terminated.
Program terminated.
84.160.50.191 - - [19/Aug/2025 03:12:38] "POST /stopdupli HTTP/1.1" 200 -
84.160.50.191 - - [19/Aug/2025 03:13:27] "GET / HTTP/1.1" 200 -
Starting httpd server on port 3556
['24:6F:28:02:12:14', '24:6F:28:03:02:64', 'A4:CF:12:77:1B:14', 'A4:CF:12:77:1E:04', 'A4:CF:12:78:3C:8C', 'A4:CF:12:78:3C:8C_dupli', 'Listener_01', 'eui-10061c160ef4feff', 'eui-10061c169838feff', 'eui-10061c16c7b4feff', 'eui-10061c16d5d4feff', 'eui-64b708ab8620feff', 'eui-64b708ac9848feff', 'eui-64b708ac9880feff', 'eui-64b708ac988cfeff', 'eui-64b708ac98b0feff', 'eui-64b708ad0a60feff', 'eui-64b708ad0e84feff', 'eui-64b708bb7658feff', 'eui-70b3d57ed0061766', 'eui-70b3d57ed0061795', 'eui-d4d4da9777e8feff', 'eui-d4d4da97e83cfeff', 'eui-e86bea24f4b4feff', 'eui-e86bea2516c0feff', 'eui-e86bea252b24feff', 'eui-e86bea252c44feff', 'light-controller-01']
prefill read new ID _dupli
checklist
prefill read new ID 18:00:01:02:03:02_dupli
checklist
prefill read new ID _dupli
checklist
prefill read new ID _dupli
checklist
prefill read new ID _dupli
checklist
['24:6F:28:02:12:14', '24:6F:28:03:02:64', 'A4:CF:12:77:1B:14', 'A4:CF:12:77:1E:04', 'A4:CF:12:78:3C:8C', 'A4:CF:12:78:3C:8C_dupli', 'Listener_01', 'eui-10061c160ef4feff', 'eui-10061c169838feff', 'eui-10061c16c7b4feff', 'eui-10061c16d5d4feff', 'eui-64b708ab8620feff', 'eui-64b708ac9848feff', 'eui-64b708ac9880feff', 'eui-64b708ac988cfeff', 'eui-64b708ac98b0feff', 'eui-64b708ad0a60feff', 'eui-64b708ad0e84feff', 'eui-64b708bb7658feff', 'eui-70b3d57ed0061766', 'eui-70b3d57ed0061795', 'eui-d4d4da9777e8feff', 'eui-d4d4da97e83cfeff', 'eui-e86bea24f4b4feff', 'eui-e86bea2516c0feff', 'eui-e86bea252b24feff', 'eui-e86bea252c44feff', 'light-controller-01']
['24:6F:28:02:12:14', '24:6F:28:03:02:64', 'A4:CF:12:77:1B:14', 'A4:CF:12:77:1E:04', 'A4:CF:12:78:3C:8C', 'A4:CF:12:78:3C:8C_dupli', 'Listener_01', 'eui-10061c160ef4feff', 'eui-10061c169838feff', 'eui-10061c16c7b4feff', 'eui-10061c16d5d4feff', 'eui-64b708ab8620feff', 'eui-64b708ac9848feff', 'eui-64b708ac9880feff', 'eui-64b708ac988cfeff', 'eui-64b708ac98b0feff', 'eui-64b708ad0a60feff', 'eui-64b708ad0e84feff', 'eui-64b708bb7658feff', 'eui-70b3d57ed0061766', 'eui-70b3d57ed0061795', 'eui-d4d4da9777e8feff', 'eui-d4d4da97e83cfeff', 'eui-e86bea24f4b4feff', 'eui-e86bea2516c0feff', 'eui-e86bea252b24feff', 'eui-e86bea252c44feff', 'light-controller-01']
['24:6F:28:02:12:14', '24:6F:28:03:02:64', 'A4:CF:12:77:1B:14', 'A4:CF:12:77:1E:04', 'A4:CF:12:78:3C:8C', 'A4:CF:12:78:3C:8C_dupli', 'Listener_01', 'eui-10061c160ef4feff', 'eui-10061c169838feff', 'eui-10061c16c7b4feff', 'eui-10061c16d5d4feff', 'eui-64b708ab8620feff', 'eui-64b708ac9848feff', 'eui-64b708ac9880feff', 'eui-64b708ac988cfeff', 'eui-64b708ac98b0feff', 'eui-64b708ad0a60feff', 'eui-64b708ad0e84feff', 'eui-64b708bb7658feff', 'eui-70b3d57ed0061766', 'eui-70b3d57ed0061795', 'eui-d4d4da9777e8feff', 'eui-d4d4da97e83cfeff', 'eui-e86bea24f4b4feff', 'eui-e86bea2516c0feff', 'eui-e86bea252b24feff', 'eui-e86bea252c44feff', 'light-controller-01']
['24:6F:28:02:12:14', '24:6F:28:03:02:64', 'A4:CF:12:77:1B:14', 'A4:CF:12:77:1E:04', 'A4:CF:12:78:3C:8C', 'A4:CF:12:78:3C:8C_dupli', 'Listener_01', 'eui-10061c160ef4feff', 'eui-10061c169838feff', 'eui-10061c16c7b4feff', 'eui-10061c16d5d4feff', 'eui-64b708ab8620feff', 'eui-64b708ac9848feff', 'eui-64b708ac9880feff', 'eui-64b708ac988cfeff', 'eui-64b708ac98b0feff', 'eui-64b708ad0a60feff', 'eui-64b708ad0e84feff', 'eui-64b708bb7658feff', 'eui-70b3d57ed0061766', 'eui-70b3d57ed0061795', 'eui-d4d4da9777e8feff', 'eui-d4d4da97e83cfeff', 'eui-e86bea24f4b4feff', 'eui-e86bea2516c0feff', 'eui-e86bea252b24feff', 'eui-e86bea252c44feff', 'light-controller-01']
['24:6F:28:02:12:14', '24:6F:28:03:02:64', 'A4:CF:12:77:1B:14', 'A4:CF:12:77:1E:04', 'A4:CF:12:78:3C:8C', 'A4:CF:12:78:3C:8C_dupli', 'Listener_01', 'eui-10061c160ef4feff', 'eui-10061c169838feff', 'eui-10061c16c7b4feff', 'eui-10061c16d5d4feff', 'eui-64b708ab8620feff', 'eui-64b708ac9848feff', 'eui-64b708ac9880feff', 'eui-64b708ac988cfeff', 'eui-64b708ac98b0feff', 'eui-64b708ad0a60feff', 'eui-64b708ad0e84feff', 'eui-64b708bb7658feff', 'eui-70b3d57ed0061766', 'eui-70b3d57ed0061795', 'eui-d4d4da9777e8feff', 'eui-d4d4da97e83cfeff', 'eui-e86bea24f4b4feff', 'eui-e86bea2516c0feff', 'eui-e86bea252b24feff', 'eui-e86bea252c44feff', 'light-controller-01']
['24:6F:28:02:12:14', '24:6F:28:03:02:64', 'A4:CF:12:77:1B:14', 'A4:CF:12:77:1E:04', 'A4:CF:12:78:3C:8C', 'A4:CF:12:78:3C:8C_dupli', 'Listener_01', 'eui-10061c160ef4feff', 'eui-10061c169838feff', 'eui-10061c16c7b4feff', 'eui-10061c16d5d4feff', 'eui-64b708ab8620feff', 'eui-64b708ac9848feff', 'eui-64b708ac9880feff', 'eui-64b708ac988cfeff', 'eui-64b708ac98b0feff', 'eui-64b708ad0a60feff', 'eui-64b708ad0e84feff', 'eui-64b708bb7658feff', 'eui-70b3d57ed0061766', 'eui-70b3d57ed0061795', 'eui-d4d4da9777e8feff', 'eui-d4d4da97e83cfeff', 'eui-e86bea24f4b4feff', 'eui-e86bea2516c0feff', 'eui-e86bea252b24feff', 'eui-e86bea252c44feff', 'light-controller-01']
['18:00:01:02:03:01', '18:00:01:02:03:02', '18:00:01:02:03:03', '18:00:01:02:03:04', '24:6F:28:02:12:14', '24:6F:28:03:02:64', 'A4:CF:12:77:1B:14', 'A4:CF:12:77:1E:04', 'A4:CF:12:78:3C:8C', 'A4:CF:12:78:3C:8C_dupli', 'Listener_01', 'eui-10061c160ef4feff', 'eui-10061c169838feff', 'eui-10061c16c7b4feff', 'eui-10061c16d5d4feff', 'eui-64b708ab8620feff', 'eui-64b708ac9848feff', 'eui-64b708ac9880feff', 'eui-64b708ac988cfeff', 'eui-64b708ac98b0feff', 'eui-64b708ad0a60feff', 'eui-64b708ad0e84feff', 'eui-64b708bb7658feff', 'eui-70b3d57ed0061766', 'eui-70b3d57ed0061795', 'eui-d4d4da9777e8feff', 'eui-d4d4da97e83cfeff', 'eui-e86bea24f4b4feff', 'eui-e86bea2516c0feff', 'eui-e86bea252b24feff', 'eui-e86bea252c44feff', 'light-controller-01']
prefill read new ID _dupli
checklist
prefill read new ID 18:00:01:02:03:02_dupli
checklist
prefill read new ID _dupli
checklist
prefill read new ID _dupli
checklist
prefill read new ID _dupli
checklist
['18:00:01:02:03:01', '18:00:01:02:03:02', '18:00:01:02:03:03', '18:00:01:02:03:04', '24:6F:28:02:12:14', '24:6F:28:03:02:64', 'A4:CF:12:77:1B:14', 'A4:CF:12:77:1E:04', 'A4:CF:12:78:3C:8C', 'A4:CF:12:78:3C:8C_dupli', 'Listener_01', 'eui-10061c160ef4feff', 'eui-10061c169838feff', 'eui-10061c16c7b4feff', 'eui-10061c16d5d4feff', 'eui-64b708ab8620feff', 'eui-64b708ac9848feff', 'eui-64b708ac9880feff', 'eui-64b708ac988cfeff', 'eui-64b708ac98b0feff', 'eui-64b708ad0a60feff', 'eui-64b708ad0e84feff', 'eui-64b708bb7658feff', 'eui-70b3d57ed0061766', 'eui-70b3d57ed0061795', 'eui-d4d4da9777e8feff', 'eui-d4d4da97e83cfeff', 'eui-e86bea24f4b4feff', 'eui-e86bea2516c0feff', 'eui-e86bea252b24feff', 'eui-e86bea252c44feff', 'light-controller-01']
prefill read new ID _dupli
checklist
prefill read new ID 18:00:01:02:03:02_dupli
checklist
prefill read new ID _dupli
checklist
prefill read new ID _dupli
checklist
prefill read new ID _dupli
checklist
Duplicating device 18:00:01:02:03:02 to new ID 18:00:01:02:03:02_dupli at dupli-panel duplipanel2
meta/18:00:01:02:03:02
orig exists
meta/18:00:01:02:03:02_dupli
Stop dupli for device with ID 18:00:01:02:03:02_dupli at dupli-panel duplipanel2
Process 662400 terminated.
meta/18:00:01:02:03:02_dupli
['18:00:01:02:03:01', '18:00:01:02:03:02', '18:00:01:02:03:03', '18:00:01:02:03:04', '24:6F:28:02:12:14', '24:6F:28:03:02:64', 'A4:CF:12:77:1B:14', 'A4:CF:12:77:1E:04', 'A4:CF:12:78:3C:8C', 'A4:CF:12:78:3C:8C_dupli', 'Listener_01', 'eui-10061c160ef4feff', 'eui-10061c169838feff', 'eui-10061c16c7b4feff', 'eui-10061c16d5d4feff', 'eui-64b708ab8620feff', 'eui-64b708ac9848feff', 'eui-64b708ac9880feff', 'eui-64b708ac988cfeff', 'eui-64b708ac98b0feff', 'eui-64b708ad0a60feff', 'eui-64b708ad0e84feff', 'eui-64b708bb7658feff', 'eui-70b3d57ed0061766', 'eui-70b3d57ed0061795', 'eui-d4d4da9777e8feff', 'eui-d4d4da97e83cfeff', 'eui-e86bea24f4b4feff', 'eui-e86bea2516c0feff', 'eui-e86bea252b24feff', 'eui-e86bea252c44feff', 'light-controller-01']
prefill read new ID _dupli
checklist
prefill read new ID 18:00:01:02:03:02_dupli
checklist
prefill read new ID _dupli
checklist
prefill read new ID _dupli
checklist
prefill read new ID _dupli
checklist
['18:00:01:02:03:01', '18:00:01:02:03:02', '18:00:01:02:03:03', '18:00:01:02:03:04', '18:00:01:02:03:05', '24:6F:28:02:12:14', '24:6F:28:03:02:64', 'A4:CF:12:77:1B:14', 'A4:CF:12:77:1E:04', 'A4:CF:12:78:3C:8C', 'A4:CF:12:78:3C:8C_dupli', 'Getriebe_MB', 'Listener_01', 'eui-10061c160ef4feff', 'eui-10061c169838feff', 'eui-10061c16c7b4feff', 'eui-10061c16d5d4feff', 'eui-64b708ab8620feff', 'eui-64b708ac9848feff', 'eui-64b708ac9880feff', 'eui-64b708ac988cfeff', 'eui-64b708ac98b0feff', 'eui-64b708ad0a60feff', 'eui-64b708ad0e84feff', 'eui-64b708bb7658feff', 'eui-70b3d57ed0061766', 'eui-70b3d57ed0061795', 'eui-d4d4da9777e8feff', 'eui-d4d4da97e83cfeff', 'eui-e86bea24f4b4feff', 'eui-e86bea2516c0feff', 'eui-e86bea252b24feff', 'eui-e86bea252c44feff', 'light-controller-01']84.160.50.191 - - [19/Aug/2025 03:21:17] "GET / HTTP/1.1" 200 -
